[0mGET /users/sign-in [32m200[0m 22.573 ms - 2595[0m
[0mGET /css/layout.css [32m200[0m 1.912 ms - 1135[0m
[0mGET /css/auth.css [32m200[0m 1.991 ms - 1711[0m
[0mGET /css/header.css [32m200[0m 2.199 ms - 1858[0m
[0mGET /css/footer.css [32m200[0m 2.644 ms - 252[0m
[0mGET /users/auth/google [36m302[0m 23.142 ms - 0[0m
[0mGET /users/auth/google/callback?code=4%2F5AFRl1ps0FqtxjuLlqBH8A4zDv5OG5tPF66kkhNUjRgGZGMnF_o1E8BfSh3ZCy4rRI50BwlDJychZ5AyuYrzbGU&scope=email+profile+https%3A%2F%2Fwww.googleapis.com%2Fauth%2Fuserinfo.profile+https%3A%2F%2Fwww.googleapis.com%2Fauth%2Fuserinfo.email+openid&authuser=3&prompt=consent [36m302[0m 901.936 ms - 46[0m
[0mGET / [32m200[0m 98.072 ms - 34276[0m
[0mGET /css/layout.css [36m304[0m 0.983 ms - -[0m
[0mGET /css/header.css [36m304[0m 1.212 ms - -[0m
[0mGET /css/footer.css [36m304[0m 1.409 ms - -[0m
[0mGET /javascript/chat_engine.js [36m304[0m 5.880 ms - -[0m
[0mGET /javascript/home_posts.js [36m304[0m 2.998 ms - -[0m
[0mGET /javascript/posts_comments.js [36m304[0m 34.468 ms - -[0m
[0mGET /javascript/toggle-likes.js [36m304[0m 30.643 ms - -[0m
[0mGET /uploads/users/avtars/avtar-1602439567245 [36m304[0m 17.711 ms - -[0m
[0mPOST /comments/add-comment [36m302[0m 178.916 ms - 88[0m
[0mGET / [32m200[0m 89.523 ms - 35207[0m
[0mGET /css/layout.css [36m304[0m 1.610 ms - -[0m
[0mGET /css/header.css [36m304[0m 2.065 ms - -[0m
[0mGET /css/footer.css [36m304[0m 1.708 ms - -[0m
[0mGET /css/home.css [32m200[0m 5.832 ms - 4271[0m
[0mGET /css/chat-box.css [32m200[0m 9.959 ms - 1276[0m
[0mGET /javascript/chat_engine.js [36m304[0m 0.723 ms - -[0m
[0mGET /javascript/home_posts.js [36m304[0m 23.125 ms - -[0m
[0mGET /javascript/posts_comments.js [36m304[0m 20.812 ms - -[0m
[0mGET /javascript/toggle-likes.js [36m304[0m 9.552 ms - -[0m
[0mGET /uploads/users/avtars/avtar-1602439567245 [36m304[0m 13.823 ms - -[0m
[0mGET /likes/toggle?id=5f8349c54be13719980a8aba&type=Comments [32m200[0m 18.766 ms - 455[0m
[0mGET / [32m200[0m 215.057 ms - 24800[0m
[0mGET /css/layout.css [32m200[0m 2.381 ms - 1135[0m
[0mGET /css/header.css [32m200[0m 2.694 ms - 1858[0m
[0mGET /css/footer.css [32m200[0m 3.071 ms - 252[0m
[0mGET /css/home.css [32m200[0m 3.456 ms - 4271[0m
[0mGET /css/chat-box.css [32m200[0m 3.892 ms - 1276[0m
[0mGET /javascript/chat_engine.js [36m304[0m 2.397 ms - -[0m
[0mGET /uploads/users/avtars/avtar-1602439567245 [32m200[0m 66.146 ms - 94998[0m
[0mGET /javascript/home_posts.js [36m304[0m 0.688 ms - -[0m
[0mGET /javascript/posts_comments.js [36m304[0m 0.726 ms - -[0m
[0mGET /javascript/toggle-likes.js [36m304[0m 1.056 ms - -[0m
[0mGET /users/sign-in [36m304[0m 22.575 ms - -[0m
[0mGET /css/layout.css [32m200[0m 2.199 ms - 1135[0m
[0mGET /css/header.css [32m200[0m 2.431 ms - 1858[0m
[0mGET /css/footer.css [32m200[0m 2.926 ms - 252[0m
[0mGET /css/auth.css [32m200[0m 2.617 ms - 1711[0m
[0mGET /users/auth/google [36m302[0m 12.568 ms - 0[0m
[0mGET /users/auth/google/callback?code=4%2F5AEQB-A12j1fqryRr1Y2borh9wU4KJvF1riNm3nWjyAEeJK_4ECo8muEZqMFC_48sKjSI5qfxpHMTnzZZcZl4ww&scope=email+profile+https%3A%2F%2Fwww.googleapis.com%2Fauth%2Fuserinfo.profile+https%3A%2F%2Fwww.googleapis.com%2Fauth%2Fuserinfo.email+openid&authuser=0&prompt=consent [36m302[0m 836.205 ms - 46[0m
[0mGET / [32m200[0m 70.950 ms - 37576[0m
[0mGET /javascript/chat_engine.js [36m304[0m 15.432 ms - -[0m
[0mGET /javascript/home_posts.js [36m304[0m 2.925 ms - -[0m
[0mGET /javascript/posts_comments.js [36m304[0m 1.577 ms - -[0m
[0mGET /javascript/toggle-likes.js [36m304[0m 4.064 ms - -[0m
[0mGET /css/layout.css [32m200[0m 0.902 ms - 1135[0m
[0mGET /css/header.css [32m200[0m 1.053 ms - 1858[0m
[0mGET /css/footer.css [32m200[0m 0.771 ms - 252[0m
[0mGET /css/chat-box.css [32m200[0m 1.182 ms - 1276[0m
[0mGET /css/home.css [32m200[0m 1.078 ms - 4271[0m
[0mGET /uploads/users/avtars/avtar-1602439567245 [32m200[0m 15.446 ms - 94998[0m
[0mGET /posts/delete-post/5f65e1e595f78147140ffe17 [36m302[0m 181.011 ms - 88[0m
[0mGET / [32m200[0m 181.482 ms - 35396[0m
[0mGET /css/layout.css [36m304[0m 0.974 ms - -[0m
[0mGET /javascript/home_posts.js [36m304[0m 14.968 ms - -[0m
[0mGET /javascript/chat_engine.js [36m304[0m 3.860 ms - -[0m
[0mGET /javascript/posts_comments.js [36m304[0m 3.574 ms - -[0m
[0mGET /javascript/toggle-likes.js [36m304[0m 1.596 ms - -[0m
[0mGET /css/header.css [36m304[0m 16.029 ms - -[0m
[0mGET /css/footer.css [36m304[0m 0.472 ms - -[0m
[0mGET /css/chat-box.css [32m200[0m 3.131 ms - 1276[0m
[0mGET /css/home.css [32m200[0m 6.211 ms - 4271[0m
[0mGET /uploads/users/avtars/avtar-1602439567245 [36m304[0m 7.705 ms - -[0m
[0mGET /users/profile?id=5f5201a123d2a237a096c899 [32m200[0m 68.024 ms - 5584[0m
[0mGET /css/layout.css [32m200[0m 0.784 ms - 1135[0m
[0mGET /javascript/user_image_preview.js [32m200[0m 26.003 ms - 379[0m
[0mGET /css/header.css [32m200[0m 3.600 ms - 1858[0m
[0mGET /css/footer.css [32m200[0m 2.893 ms - 252[0m
[0mGET /javascript/toggle_friend.js [32m200[0m 66.130 ms - 801[0m
[0mGET /uploads/users/avtars/avtar-1602439567245 [32m200[0m 6.117 ms - 94998[0m
[0mGET / [36m304[0m 84.536 ms - -[0m
[0mGET /javascript/chat_engine.js [36m304[0m 0.666 ms - -[0m
[0mGET /javascript/home_posts.js [36m304[0m 3.099 ms - -[0m
[0mGET /javascript/posts_comments.js [36m304[0m 3.374 ms - -[0m
[0mGET /javascript/toggle-likes.js [36m304[0m 1.351 ms - -[0m
[0mGET /css/header.css [32m200[0m 15.926 ms - 1858[0m
[0mGET /css/home.css [36m304[0m 13.153 ms - -[0m
[0mGET /css/layout.css [32m200[0m 17.902 ms - 1135[0m
[0mGET /css/footer.css [32m200[0m 17.607 ms - 252[0m
[0mGET /css/chat-box.css [36m304[0m 0.520 ms - -[0m
[0mGET /uploads/users/avtars/avtar-1602439567245 [32m200[0m 5.381 ms - 94998[0m
[0mPOST /comments/add-comment [36m302[0m 20.412 ms - 88[0m
[0mGET / [32m200[0m 104.330 ms - 34828[0m
[0mGET /css/layout.css [36m304[0m 0.551 ms - -[0m
[0mGET /css/header.css [36m304[0m 0.777 ms - -[0m
[0mGET /css/footer.css [36m304[0m 1.513 ms - -[0m
[0mGET /css/home.css [36m304[0m 1.240 ms - -[0m
[0mGET /css/chat-box.css [36m304[0m 1.649 ms - -[0m
[0mGET /javascript/chat_engine.js [36m304[0m 1.194 ms - -[0m
[0mGET /javascript/home_posts.js [36m304[0m 18.441 ms - -[0m
[0mGET /javascript/posts_comments.js [36m304[0m 16.491 ms - -[0m
[0mGET /javascript/toggle-likes.js [36m304[0m 15.932 ms - -[0m
[0mGET /uploads/users/avtars/avtar-1602439567245 [36m304[0m 23.436 ms - -[0m
[0mGET / [36m304[0m 307.985 ms - -[0m
[0mGET /javascript/chat_engine.js [36m304[0m 4.095 ms - -[0m
[0mGET /javascript/home_posts.js [36m304[0m 2.605 ms - -[0m
[0mGET /javascript/posts_comments.js [36m304[0m 0.483 ms - -[0m
[0mGET /javascript/toggle-likes.js [36m304[0m 2.594 ms - -[0m
[0mGET /uploads/users/avtars/avtar-1602439567245 [36m304[0m 14.672 ms - -[0m
[0mPOST /comments/add-comment [36m302[0m 297.913 ms - 88[0m
[0mGET / [32m200[0m 128.305 ms - 36064[0m
[0mGET /css/layout.css [32m200[0m 21.551 ms - 1135[0m
[0mGET /css/header.css [32m200[0m 22.124 ms - 1858[0m
[0mGET /css/footer.css [32m200[0m 5.753 ms - 252[0m
[0mGET /css/home.css [32m200[0m 5.612 ms - 4271[0m
[0mGET /css/chat-box.css [32m200[0m 5.902 ms - 1276[0m
[0mGET /javascript/chat_engine.js [36m304[0m 0.534 ms - -[0m
[0mGET /javascript/home_posts.js [36m304[0m 7.227 ms - -[0m
[0mGET /javascript/posts_comments.js [36m304[0m 4.774 ms - -[0m
[0mGET /javascript/toggle-likes.js [36m304[0m 4.014 ms - -[0m
[0mGET /uploads/users/avtars/avtar-1602439567245 [36m304[0m 20.493 ms - -[0m
[0mGET / [36m304[0m 153.688 ms - -[0m
[0mGET /javascript/chat_engine.js [36m304[0m 23.287 ms - -[0m
[0mGET /javascript/home_posts.js [36m304[0m 21.408 ms - -[0m
[0mGET /javascript/posts_comments.js [36m304[0m 10.959 ms - -[0m
[0mGET /javascript/toggle-likes.js [36m304[0m 6.964 ms - -[0m
[0mGET /uploads/users/avtars/avtar-1602439567245 [36m304[0m 38.194 ms - -[0m
[0mPOST /comments/add-comment [36m302[0m 48.544 ms - 88[0m
[0mGET / [32m200[0m 130.177 ms - 37310[0m
[0mGET /css/layout.css [32m200[0m 4.209 ms - 1135[0m
[0mGET /css/header.css [32m200[0m 6.188 ms - 1858[0m
[0mGET /css/footer.css [32m200[0m 7.184 ms - 252[0m
[0mGET /css/home.css [32m200[0m 7.681 ms - 4271[0m
[0mGET /css/chat-box.css [32m200[0m 6.336 ms - 1276[0m
[0mGET /javascript/chat_engine.js [36m304[0m 18.959 ms - -[0m
[0mGET /javascript/home_posts.js [36m304[0m 7.595 ms - -[0m
[0mGET /javascript/posts_comments.js [36m304[0m 5.352 ms - -[0m
[0mGET /javascript/toggle-likes.js [36m304[0m 4.763 ms - -[0m
[0mGET /uploads/users/avtars/avtar-1602439567245 [36m304[0m 22.388 ms - -[0m
[0mGET / [36m304[0m 162.585 ms - -[0m
[0mGET /javascript/chat_engine.js [36m304[0m 25.311 ms - -[0m
[0mGET /javascript/home_posts.js [36m304[0m 22.533 ms - -[0m
[0mGET /javascript/posts_comments.js [36m304[0m 22.203 ms - -[0m
[0mGET /javascript/toggle-likes.js [36m304[0m 19.799 ms - -[0m
[0mGET /uploads/users/avtars/avtar-1602439567245 [36m304[0m 27.147 ms - -[0m
[0mGET / [32m200[0m 90.097 ms - 38421[0m
[0mGET /css/header.css [32m200[0m 3.775 ms - 1858[0m
[0mGET /css/footer.css [32m200[0m 5.673 ms - 252[0m
[0mGET /css/home.css [32m200[0m 7.768 ms - 4271[0m
[0mGET /css/layout.css [32m200[0m 8.314 ms - 1135[0m
[0mGET /css/chat-box.css [32m200[0m 8.033 ms - 1276[0m
[0mGET /javascript/chat_engine.js [36m304[0m 4.272 ms - -[0m
[0mGET /javascript/home_posts.js [36m304[0m 15.428 ms - -[0m
[0mGET /javascript/posts_comments.js [36m304[0m 5.271 ms - -[0m
[0mGET /javascript/toggle-likes.js [36m304[0m 1.560 ms - -[0m
[0mGET /uploads/users/avtars/avtar-1602439567245 [32m200[0m 39.067 ms - 94998[0m
[0mGET /favicon.ico [33m404[0m 13.593 ms - 150[0m
[0mPOST /posts/add-post [32m200[0m 40.846 ms - 275[0m
[0mGET / [32m200[0m 94.228 ms - 40110[0m
[0mGET /css/layout.css [32m200[0m 1.101 ms - 1135[0m
[0mGET /javascript/chat_engine.js [36m304[0m 3.096 ms - -[0m
[0mGET /javascript/home_posts.js [36m304[0m 13.590 ms - -[0m
[0mGET /javascript/posts_comments.js [36m304[0m 2.238 ms - -[0m
[0mGET /javascript/toggle-likes.js [36m304[0m 2.712 ms - -[0m
[0mGET /css/header.css [32m200[0m 16.632 ms - 1858[0m
[0mGET /css/footer.css [32m200[0m 4.589 ms - 252[0m
[0mGET /css/chat-box.css [32m200[0m 8.191 ms - 1276[0m
[0mGET /css/home.css [32m200[0m 8.542 ms - 4271[0m
[0mGET /uploads/users/avtars/avtar-1602439567245 [32m200[0m 25.388 ms - 94998[0m
[0mPOST /comments/add-comment [36m302[0m 25.423 ms - 88[0m
[0mGET / [32m200[0m 142.843 ms - 41335[0m
[0mGET /javascript/chat_engine.js [36m304[0m 27.849 ms - -[0m
[0mGET /javascript/home_posts.js [36m304[0m 4.440 ms - -[0m
[0mGET /javascript/posts_comments.js [36m304[0m 2.393 ms - -[0m
[0mGET /javascript/toggle-likes.js [36m304[0m 2.121 ms - -[0m
[0mGET /css/layout.css [32m200[0m 2.304 ms - 1135[0m
[0mGET /css/header.css [32m200[0m 7.001 ms - 1858[0m
[0mGET /css/footer.css [32m200[0m 9.088 ms - 252[0m
[0mGET /css/home.css [32m200[0m 9.490 ms - 4271[0m
[0mGET /css/chat-box.css [32m200[0m 10.037 ms - 1276[0m
[0mGET /uploads/users/avtars/avtar-1602439567245 [32m200[0m 17.813 ms - 94998[0m
[0mGET / [32m200[0m 85.358 ms - 40195[0m
[0mGET /css/layout.css [32m200[0m 3.959 ms - 1135[0m
[0mGET /css/header.css [32m200[0m 4.761 ms - 1858[0m
[0mGET /css/home.css [32m200[0m 4.928 ms - 4271[0m
[0mGET /css/footer.css [32m200[0m 5.110 ms - 252[0m
[0mGET /css/chat-box.css [32m200[0m 5.288 ms - 1276[0m
[0mGET /javascript/chat_engine.js [36m304[0m 33.051 ms - -[0m
[0mGET /javascript/home_posts.js [36m304[0m 9.400 ms - -[0m
[0mGET /javascript/posts_comments.js [36m304[0m 5.912 ms - -[0m
[0mGET /javascript/toggle-likes.js [36m304[0m 4.106 ms - -[0m
[0mGET /uploads/users/avtars/avtar-1602439567245 [36m304[0m 33.985 ms - -[0m
[0mPOST /comments/add-comment [36m302[0m 13.418 ms - 88[0m
[0mGET /javascript/chat_engine.js [36m304[0m 12.219 ms - -[0m
[0mGET /javascript/home_posts.js [36m304[0m 8.416 ms - -[0m
[0mGET /javascript/posts_comments.js [36m304[0m 21.881 ms - -[0m
[0mGET /javascript/toggle-likes.js [36m304[0m 6.946 ms - -[0m
[0mGET / [32m200[0m 175.481 ms - 42562[0m
[0mGET /css/layout.css [32m200[0m 16.865 ms - 1135[0m
[0mGET /css/header.css [32m200[0m 5.101 ms - 1858[0m
[0mGET /css/footer.css [32m200[0m 4.942 ms - 252[0m
[0mGET /css/chat-box.css [32m200[0m 3.963 ms - 1276[0m
[0mGET /css/home.css [32m200[0m 3.883 ms - 4271[0m
[0mGET /uploads/users/avtars/avtar-1602439567245 [32m200[0m 5.963 ms - 94998[0m
[0mGET / [32m200[0m 196.977 ms - 41190[0m
[0mGET /javascript/chat_engine.js [36m304[0m 5.336 ms - -[0m
[0mGET /javascript/home_posts.js [36m304[0m 90.116 ms - -[0m
[0mGET /javascript/posts_comments.js [36m304[0m 74.462 ms - -[0m
[0mGET /javascript/toggle-likes.js [36m304[0m 58.727 ms - -[0m
[0mGET /uploads/users/avtars/avtar-1602439567245 [36m304[0m 19.256 ms - -[0m
[0mGET / [36m304[0m 164.443 ms - -[0m
[0mGET /javascript/chat_engine.js [36m304[0m 13.086 ms - -[0m
[0mGET /javascript/posts_comments.js [36m304[0m 11.392 ms - -[0m
[0mGET /javascript/home_posts.js [36m304[0m 1.705 ms - -[0m
[0mGET /css/header.css [32m200[0m 4.437 ms - 1858[0m
[0mGET /css/layout.css [32m200[0m 7.668 ms - 1135[0m
[0mGET /css/footer.css [32m200[0m 8.001 ms - 252[0m
[0mGET /javascript/toggle-likes.js [36m304[0m 7.791 ms - -[0m
[0mGET /css/home.css [32m200[0m 3.454 ms - 4271[0m
[0mGET /css/chat-box.css [32m200[0m 3.945 ms - 1276[0m
[0mGET /uploads/users/avtars/avtar-1602439567245 [32m200[0m 13.969 ms - 94998[0m
[0mGET /favicon.ico [0m-[0m - ms - -[0m
[0mPOST /comments/add-comment [36m302[0m 58.833 ms - 88[0m
[0mGET / [32m200[0m 144.324 ms - 42433[0m
[0mGET /css/layout.css [32m200[0m 1.751 ms - 1135[0m
[0mGET /css/header.css [32m200[0m 2.151 ms - 1858[0m
[0mGET /css/home.css [32m200[0m 2.494 ms - 4271[0m
[0mGET /css/chat-box.css [32m200[0m 2.830 ms - 1276[0m
[0mGET /css/footer.css [32m200[0m 3.138 ms - 252[0m
[0mGET /javascript/chat_engine.js [36m304[0m 8.946 ms - -[0m
[0mGET /javascript/home_posts.js [36m304[0m 8.200 ms - -[0m
[0mGET /javascript/posts_comments.js [36m304[0m 7.877 ms - -[0m
[0mGET /javascript/toggle-likes.js [36m304[0m 5.967 ms - -[0m
[0mGET /uploads/users/avtars/avtar-1602439567245 [36m304[0m 22.244 ms - -[0m
[0mGET /users/sign-out [36m302[0m 17.007 ms - 72[0m
[0mGET /users/sign-in [32m200[0m 82.441 ms - 2900[0m
[0mGET /css/layout.css [36m304[0m 2.572 ms - -[0m
[0mGET /css/footer.css [36m304[0m 2.135 ms - -[0m
[0mGET /css/header.css [36m304[0m 3.093 ms - -[0m
[0mGET /auth/ [32m200[0m 25.999 ms - 2073[0m
[0mGET /css/layout.css [36m304[0m 0.562 ms - -[0m
[0mGET /css/header.css [36m304[0m 1.141 ms - -[0m
[0mGET /css/footer.css [36m304[0m 2.206 ms - -[0m
[0mGET /css/auth.css [32m200[0m 2.814 ms - 1711[0m
[0mPOST /auth/verify-email [32m200[0m 23.141 ms - 2077[0m
[0mGET /css/layout.css [36m304[0m 0.629 ms - -[0m
[0mGET /css/header.css [36m304[0m 0.926 ms - -[0m
[0mGET /css/footer.css [36m304[0m 1.230 ms - -[0m
[0mGET /users/sign-in [32m200[0m 36.095 ms - 2595[0m
[0mGET /auth/ [36m304[0m 20.568 ms - -[0m
[0mGET /css/layout.css [32m200[0m 31.113 ms - 1135[0m
[0mGET /css/header.css [32m200[0m 3.333 ms - 1858[0m
[0mGET /css/footer.css [32m200[0m 4.570 ms - 252[0m
[0mGET /css/auth.css [32m200[0m 5.964 ms - 1711[0m
[0mPOST /auth/verify-email [32m200[0m 65.879 ms - 2077[0m
[0mGET /css/layout.css [36m304[0m 1.801 ms - -[0m
[0mGET /css/header.css [36m304[0m 1.917 ms - -[0m
[0mGET /css/footer.css [36m304[0m 1.877 ms - -[0m
[0mPOST /auth/verify-email [32m200[0m 31.233 ms - 2077[0m
[0mGET /css/layout.css [36m304[0m 2.688 ms - -[0m
[0mGET /css/header.css [36m304[0m 2.818 ms - -[0m
[0mGET /css/footer.css [36m304[0m 2.320 ms - -[0m
[0mPOST /auth/verify-email [32m200[0m 72.363 ms - 2077[0m
[0mGET /css/layout.css [36m304[0m 0.513 ms - -[0m
[0mGET /css/header.css [36m304[0m 0.782 ms - -[0m
[0mGET /css/footer.css [36m304[0m 1.164 ms - -[0m
[0mPOST /auth/verify-email [32m200[0m 30.288 ms - 2077[0m
[0mGET /css/layout.css [36m304[0m 0.510 ms - -[0m
[0mGET /css/header.css [36m304[0m 0.674 ms - -[0m
[0mGET /css/footer.css [36m304[0m 0.934 ms - -[0m
[0mGET / [32m200[0m 162.523 ms - 43573[0m
[0mGET /javascript/chat_engine.js [36m304[0m 1.666 ms - -[0m
[0mGET /css/layout.css [32m200[0m 16.956 ms - 1135[0m
[0mGET /javascript/home_posts.js [36m304[0m 1.006 ms - -[0m
[0mGET /css/header.css [32m200[0m 16.213 ms - 1858[0m
[0mGET /css/footer.css [32m200[0m 16.073 ms - 252[0m
[0mGET /javascript/posts_comments.js [36m304[0m 9.590 ms - -[0m
[0mGET /javascript/toggle-likes.js [36m304[0m 4.043 ms - -[0m
[0mGET /uploads/users/avtars/avtar-1602439567245 [32m200[0m 88.006 ms - 94998[0m
[0mPOST /auth/verify-email [32m200[0m 21.235 ms - 2077[0m
[0mGET /css/layout.css [36m304[0m 0.955 ms - -[0m
[0mGET /css/header.css [36m304[0m 1.056 ms - -[0m
[0mGET /css/footer.css [36m304[0m 1.539 ms - -[0m
[0mGET /auth/reset-password?accessToken=8290e35d4ae9dc7b7c5453a251430ecf868eb6f3 [32m200[0m 51.169 ms - 2244[0m
[0mGET /css/layout.css [36m304[0m 6.966 ms - -[0m
[0mGET /css/header.css [36m304[0m 3.199 ms - -[0m
[0mGET /css/footer.css [36m304[0m 3.475 ms - -[0m
[0mGET /css/auth.css [36m304[0m 3.614 ms - -[0m
[0mPOST /auth/reset?accessToken=8290e35d4ae9dc7b7c5453a251430ecf868eb6f3 [36m302[0m 90.677 ms - 72[0m
[0mGET /users/sign-in [32m200[0m 27.639 ms - 2897[0m
[0mGET /css/layout.css [36m304[0m 15.906 ms - -[0m
[0mGET /css/header.css [36m304[0m 1.097 ms - -[0m
[0mGET /css/footer.css [36m304[0m 1.648 ms - -[0m
[0mGET /css/auth.css [36m304[0m 2.495 ms - -[0m
[0mPOST /users/create-session [36m302[0m 30.358 ms - 46[0m
[0mGET / [32m200[0m 88.888 ms - 41339[0m
[0mGET /css/layout.css [36m304[0m 8.494 ms - -[0m
[0mGET /css/header.css [36m304[0m 1.017 ms - -[0m
[0mGET /css/footer.css [36m304[0m 4.415 ms - -[0m
[0mGET /css/chat-box.css [32m200[0m 2.047 ms - 1276[0m
[0mGET /css/home.css [32m200[0m 2.662 ms - 4271[0m
[0mGET /javascript/home_posts.js [36m304[0m 12.246 ms - -[0m
[0mGET /javascript/posts_comments.js [36m304[0m 9.896 ms - -[0m
[0mGET /javascript/toggle-likes.js [36m304[0m 1.847 ms - -[0m
[0mGET /javascript/chat_engine.js [36m304[0m 3.240 ms - -[0m
[0mGET /uploads/users/avtars/avtar-1602439567245 [36m304[0m 15.690 ms - -[0m
[0mGET / [32m200[0m 1682.312 ms - 29674[0m
[0mGET /javascript/chat_engine.js [36m304[0m 1057.613 ms - -[0m
[0mGET /javascript/home_posts.js [36m304[0m 3.303 ms - -[0m
[0mGET /javascript/posts_comments.js [36m304[0m 33.473 ms - -[0m
[0mGET /javascript/toggle-likes.js [36m304[0m 13.431 ms - -[0m
[0mGET /uploads/users/avtars/avtar-1602439567245 [32m200[0m 204.638 ms - 94998[0m
[0mGET /users/sign-in [32m200[0m 62.619 ms - 2595[0m
[0mGET /css/layout.css [32m200[0m 5.305 ms - 1135[0m
[0mGET /css/header.css [32m200[0m 6.278 ms - 1858[0m
[0mGET /css/footer.css [32m200[0m 6.867 ms - 252[0m
[0mGET / [32m200[0m 145.577 ms - 29674[0m
[0mGET /css/header.css [32m200[0m 1.841 ms - 1858[0m
[0mGET /css/footer.css [32m200[0m 2.083 ms - 252[0m
[0mGET /css/home.css [32m200[0m 2.467 ms - 4271[0m
[0mGET /css/layout.css [32m200[0m 3.215 ms - 1135[0m
[0mGET /css/chat-box.css [32m200[0m 4.204 ms - 1276[0m
[0mGET /javascript/posts_comments.js [32m200[0m 42.218 ms - 5874[0m
[0mGET /javascript/toggle-likes.js [32m200[0m 22.869 ms - 3119[0m
[0mGET /javascript/home_posts.js [32m200[0m 53.882 ms - 7538[0m
[0mGET /uploads/users/avtars/avtar-1602439567245 [32m200[0m 3.910 ms - 94998[0m
[0mGET /javascript/chat_engine.js [32m200[0m 101.142 ms - 2070[0m
[0mGET /users/sign-in [32m200[0m 26.196 ms - 2595[0m
[0mGET /css/layout.css [36m304[0m 0.911 ms - -[0m
[0mGET /css/header.css [36m304[0m 1.078 ms - -[0m
[0mGET /css/footer.css [36m304[0m 1.466 ms - -[0m
[0mGET /css/auth.css [32m200[0m 2.288 ms - 1711[0m
[0mGET /users/auth/google [36m302[0m 18.585 ms - 0[0m
[0mGET /users/auth/google/callback?code=4%2F5AEdM9cKnONDpZYwyYu9HAamGGYTDMCsUO_Q4K3U_idFPvVVkskXRFWRrLu9GPQure8_8CHtcCUHkK-3KWXUpiQ&scope=email+profile+https%3A%2F%2Fwww.googleapis.com%2Fauth%2Fuserinfo.profile+https%3A%2F%2Fwww.googleapis.com%2Fauth%2Fuserinfo.email+openid&authuser=2&prompt=consent [36m302[0m 1191.882 ms - 46[0m
[0mGET / [32m200[0m 143.053 ms - 43881[0m
[0mGET /css/layout.css [36m304[0m 0.823 ms - -[0m
[0mGET /css/header.css [36m304[0m 1.040 ms - -[0m
[0mGET /css/footer.css [36m304[0m 1.335 ms - -[0m
[0mGET /css/home.css [36m304[0m 1.801 ms - -[0m
[0mGET /css/chat-box.css [36m304[0m 2.149 ms - -[0m
[0mGET /javascript/chat_engine.js [36m304[0m 7.556 ms - -[0m
[0mGET /javascript/home_posts.js [36m304[0m 6.068 ms - -[0m
[0mGET /javascript/posts_comments.js [36m304[0m 4.782 ms - -[0m
[0mGET /javascript/toggle-likes.js [36m304[0m 3.457 ms - -[0m
[0mGET /uploads/users/avtars/avtar-1602439567245 [36m304[0m 44.680 ms - -[0m
[0mGET /favicon.ico [33m404[0m 17.345 ms - 150[0m
[0mGET /likes/toggle?id=5f65e831f971b724d4a2ba34&type=Comments [32m200[0m 62.657 ms - 509[0m
[0mGET /likes/toggle?id=5f65fbf9a966a71dc4b90e12&type=Comments [32m200[0m 19.249 ms - 299[0m
[0mGET /likes/toggle?id=5f65fbf9a966a71dc4b90e12&type=Comments [32m200[0m 25.079 ms - 513[0m
[0mGET /users/auth/google [36m302[0m 16.928 ms - 0[0m
[0mGET /users/auth/google/callback?code=4%2F5AG4l4sbT9gs0t8DEf191n1J-WhtJmTIx_zK_KxJFdRb3pBzLBh9Nb9Ja9R5UGnQU6x0AX32vZZazdcS0XT9W5s&scope=email+profile+https%3A%2F%2Fwww.googleapis.com%2Fauth%2Fuserinfo.profile+https%3A%2F%2Fwww.googleapis.com%2Fauth%2Fuserinfo.email+openid&authuser=0&prompt=consent [36m302[0m 862.812 ms - 46[0m
[0mGET / [32m200[0m 94.197 ms - 43366[0m
[0mGET /javascript/chat_engine.js [36m304[0m 29.584 ms - -[0m
[0mGET /javascript/home_posts.js [36m304[0m 14.084 ms - -[0m
[0mGET /javascript/posts_comments.js [36m304[0m 2.103 ms - -[0m
[0mGET /javascript/toggle-likes.js [36m304[0m 43.209 ms - -[0m
[0mGET /css/footer.css [32m200[0m 3.318 ms - 252[0m
[0mGET /css/home.css [32m200[0m 3.464 ms - 4271[0m
[0mGET /css/layout.css [32m200[0m 3.838 ms - 1135[0m
[0mGET /css/header.css [32m200[0m 3.814 ms - 1858[0m
[0mGET /css/chat-box.css [32m200[0m 4.057 ms - 1276[0m
[0mGET /uploads/users/avtars/avtar-1602439567245 [32m200[0m 4.487 ms - 94998[0m
[0mGET /users/profile?id=5f51edd33a5e26146c17b0ce [32m200[0m 99.461 ms - 5601[0m
[0mGET /css/layout.css [36m304[0m 0.488 ms - -[0m
[0mGET /css/header.css [36m304[0m 0.865 ms - -[0m
[0mGET /css/footer.css [36m304[0m 0.851 ms - -[0m
[0mGET /javascript/user_image_preview.js [32m200[0m 2.784 ms - 379[0m
[0mGET /javascript/toggle_friend.js [32m200[0m 10.561 ms - 801[0m
[0mGET /favicon.ico [0m-[0m - ms - -[0m
[0mPOST /users/update?id=5f51edd33a5e26146c17b0ce [36m302[0m 52.511 ms - 170[0m
[0mGET /users/profile?id=5f51edd33a5e26146c17b0ce [32m200[0m 34.183 ms - 5582[0m
[0mGET /javascript/user_image_preview.js [36m304[0m 19.076 ms - -[0m
[0mGET /javascript/toggle_friend.js [36m304[0m 17.773 ms - -[0m
[0mGET /css/header.css [32m200[0m 6.041 ms - 1858[0m
[0mGET /css/layout.css [32m200[0m 9.478 ms - 1135[0m
[0mGET /css/footer.css [32m200[0m 8.392 ms - 252[0m
[0mGET /uploads/users/avtars/avtar-1602576806419 [32m200[0m 46.926 ms - 86563[0m
[0mGET /css/users-profile.css [32m200[0m 6.496 ms - 2093[0m
[0mGET / [32m200[0m 104.354 ms - 42965[0m
[0mGET /javascript/chat_engine.js [36m304[0m 0.702 ms - -[0m
[0mGET /css/layout.css [36m304[0m 1.336 ms - -[0m
[0mGET /css/header.css [36m304[0m 3.226 ms - -[0m
[0mGET /css/footer.css [36m304[0m 9.185 ms - -[0m
[0mGET /javascript/home_posts.js [36m304[0m 17.842 ms - -[0m
[0mGET /css/home.css [36m304[0m 23.609 ms - -[0m
[0mGET /css/chat-box.css [36m304[0m 25.015 ms - -[0m
[0mGET /javascript/posts_comments.js [36m304[0m 18.620 ms - -[0m
[0mGET /javascript/toggle-likes.js [36m304[0m 10.455 ms - -[0m
[0mGET /uploads/users/avtars/avtar-1602576806419 [36m304[0m 24.881 ms - -[0m
[0mGET /uploads/users/avtars/avtar-1602439567245 [36m304[0m 26.809 ms - -[0m
[0mPOST /comments/add-comment [36m302[0m 339.816 ms - 88[0m
[0mGET / [32m200[0m 95.662 ms - 44186[0m
[0mGET /javascript/chat_engine.js [36m304[0m 1.861 ms - -[0m
[0mGET /javascript/home_posts.js [36m304[0m 1.866 ms - -[0m
[0mGET /javascript/posts_comments.js [36m304[0m 3.849 ms - -[0m
[0mGET /javascript/toggle-likes.js [36m304[0m 2.085 ms - -[0m
[0mGET /css/header.css [36m304[0m 2.205 ms - -[0m
[0mGET /css/layout.css [36m304[0m 2.491 ms - -[0m
[0mGET /css/home.css [36m304[0m 2.630 ms - -[0m
[0mGET /css/chat-box.css [36m304[0m 16.521 ms - -[0m
[0mGET /css/footer.css [36m304[0m 0.546 ms - -[0m
[0mGET /uploads/users/avtars/avtar-1602576806419 [36m304[0m 46.772 ms - -[0m
[0mGET /uploads/users/avtars/avtar-1602439567245 [36m304[0m 46.502 ms - -[0m
[0mGET /users/sign-out [36m302[0m 21.761 ms - 72[0m
[0mGET /users/sign-in [32m200[0m 146.913 ms - 2900[0m
[0mGET /css/footer.css [32m200[0m 1.016 ms - 252[0m
[0mGET /css/layout.css [32m200[0m 15.908 ms - 1135[0m
[0mGET /css/header.css [32m200[0m 21.187 ms - 1858[0m
[0mGET /css/auth.css [32m200[0m 24.123 ms - 1711[0m
[0mGET /favicon.ico [33m404[0m 13.183 ms - 150[0m
[0mGET /users/auth/google [36m302[0m 18.589 ms - 0[0m
[0mGET /users/auth/google/callback?code=4%2F5AENL2RxoK7PLRzV-68P2fJiVq32nRUiZeZhHslzFX-NE_8mCbvNohuR965TfzS6Pt1nFzFgHHLu_etOaH38Si4&scope=email+profile+https%3A%2F%2Fwww.googleapis.com%2Fauth%2Fuserinfo.profile+https%3A%2F%2Fwww.googleapis.com%2Fauth%2Fuserinfo.email+openid&authuser=0&prompt=none [36m302[0m 921.384 ms - 46[0m
[0mGET / [32m200[0m 248.956 ms - 44494[0m
[0mGET /css/home.css [36m304[0m 0.493 ms - -[0m
[0mGET /css/header.css [32m200[0m 1.733 ms - 1858[0m
[0mGET /css/layout.css [32m200[0m 1.891 ms - 1135[0m
[0mGET /css/footer.css [32m200[0m 2.069 ms - 252[0m
[0mGET /css/chat-box.css [36m304[0m 1.776 ms - -[0m
[0mGET /uploads/users/avtars/avtar-1602576806419 [32m200[0m 32.732 ms - 86563[0m
[0mGET /uploads/users/avtars/avtar-1602439567245 [32m200[0m 42.081 ms - 94998[0m
[0mGET /javascript/chat_engine.js [36m304[0m 28.660 ms - -[0m
[0mGET /javascript/home_posts.js [36m304[0m 8.104 ms - -[0m
[0mGET /javascript/posts_comments.js [36m304[0m 0.508 ms - -[0m
[0mGET /javascript/toggle-likes.js [36m304[0m 1.025 ms - -[0m
[0mGET /favicon.ico [0m-[0m - ms - -[0m
[0mGET /users/profile?id=5f51edd33a5e26146c17b0ce [32m200[0m 49.601 ms - 5582[0m
[0mGET /javascript/user_image_preview.js [32m200[0m 16.968 ms - 379[0m
[0mGET /css/layout.css [32m200[0m 5.940 ms - 1135[0m
[0mGET /css/header.css [32m200[0m 6.244 ms - 1858[0m
[0mGET /css/footer.css [32m200[0m 6.880 ms - 252[0m
[0mGET /css/users-profile.css [32m200[0m 124.735 ms - 2093[0m
[0mGET /javascript/toggle_friend.js [32m200[0m 159.474 ms - 801[0m
[0mGET /uploads/users/avtars/avtar-1602576806419 [32m200[0m 28.105 ms - 86563[0m
[0mGET /favicon.ico [33m404[0m 34.762 ms - 150[0m
[0mGET / [32m200[0m 125.488 ms - 44186[0m
[0mGET /javascript/chat_engine.js [36m304[0m 14.921 ms - -[0m
[0mGET /javascript/home_posts.js [36m304[0m 1.583 ms - -[0m
[0mGET /javascript/posts_comments.js [36m304[0m 1.116 ms - -[0m
[0mGET /javascript/toggle-likes.js [36m304[0m 15.106 ms - -[0m
[0mGET /css/header.css [36m304[0m 0.951 ms - -[0m
[0mGET /css/layout.css [36m304[0m 1.134 ms - -[0m
[0mGET /css/footer.css [36m304[0m 1.341 ms - -[0m
[0mGET /css/home.css [32m200[0m 16.518 ms - 4271[0m
[0mGET /css/chat-box.css [32m200[0m 28.715 ms - 1276[0m
[0mGET /uploads/users/avtars/avtar-1602576806419 [36m304[0m 13.993 ms - -[0m
[0mGET /uploads/users/avtars/avtar-1602439567245 [32m200[0m 15.311 ms - 94998[0m
[0mGET / [32m200[0m 121.224 ms - 44213[0m
[0mGET /javascript/chat_engine.js [36m304[0m 11.939 ms - -[0m
[0mGET /javascript/home_posts.js [36m304[0m 7.026 ms - -[0m
[0mGET /javascript/posts_comments.js [36m304[0m 5.610 ms - -[0m
[0mGET /javascript/toggle-likes.js [36m304[0m 3.042 ms - -[0m
[0mGET /css/header.css [36m304[0m 0.446 ms - -[0m
[0mGET /css/layout.css [32m200[0m 2.692 ms - 1135[0m
[0mGET /css/footer.css [36m304[0m 2.708 ms - -[0m
[0mGET /css/home.css [36m304[0m 3.036 ms - -[0m
[0mGET /css/chat-box.css [36m304[0m 3.253 ms - -[0m
[0mGET /uploads/users/avtars/avtar-1602576806419 [36m304[0m 29.763 ms - -[0m
[0mGET /uploads/users/avtars/avtar-1602439567245 [36m304[0m 32.614 ms - -[0m
[0mGET /favicon.ico [0m-[0m - ms - -[0m
[0mGET / [36m304[0m 105.643 ms - -[0m
[0mGET /javascript/chat_engine.js [36m304[0m 6.517 ms - -[0m
[0mGET /javascript/home_posts.js [36m304[0m 5.056 ms - -[0m
[0mGET /javascript/posts_comments.js [36m304[0m 4.734 ms - -[0m
[0mGET /javascript/toggle-likes.js [36m304[0m 3.989 ms - -[0m
[0mGET /css/layout.css [36m304[0m 0.661 ms - -[0m
[0mGET /css/header.css [36m304[0m 1.138 ms - -[0m
[0mGET /css/footer.css [36m304[0m 1.013 ms - -[0m
[0mGET /css/chat-box.css [36m304[0m 1.214 ms - -[0m
[0mGET /css/home.css [36m304[0m 0.778 ms - -[0m
[0mGET /uploads/users/avtars/avtar-1602576806419 [36m304[0m 35.753 ms - -[0m
[0mGET /uploads/users/avtars/avtar-1602439567245 [36m304[0m 33.909 ms - -[0m
[0mGET /users/sign-out [36m302[0m 15.867 ms - 72[0m
[0mGET /users/sign-in [32m200[0m 16.682 ms - 2927[0m
[0mGET /css/layout.css [36m304[0m 0.455 ms - -[0m
[0mGET /css/header.css [36m304[0m 0.649 ms - -[0m
[0mGET /css/footer.css [36m304[0m 0.988 ms - -[0m
[0mGET /css/auth.css [36m304[0m 1.276 ms - -[0m
[0mPOST /users/create-session [36m302[0m 41.219 ms - 46[0m
[0mGET / [32m200[0m 73.772 ms - 42516[0m
[0mGET /javascript/chat_engine.js [36m304[0m 5.850 ms - -[0m
[0mGET /javascript/home_posts.js [36m304[0m 4.298 ms - -[0m
[0mGET /javascript/posts_comments.js [36m304[0m 32.431 ms - -[0m
[0mGET /javascript/toggle-likes.js [36m304[0m 15.835 ms - -[0m
[0mGET /css/footer.css [36m304[0m 1.491 ms - -[0m
[0mGET /css/layout.css [36m304[0m 1.441 ms - -[0m
[0mGET /css/header.css [36m304[0m 1.348 ms - -[0m
[0mGET /css/home.css [36m304[0m 1.477 ms - -[0m
[0mGET /css/chat-box.css [36m304[0m 1.575 ms - -[0m
[0mGET /uploads/users/avtars/avtar-1602439567245 [36m304[0m 28.386 ms - -[0m
[0mGET /uploads/users/avtars/avtar-1602576806419 [36m304[0m 27.571 ms - -[0m
[0mGET / [32m200[0m 142.484 ms - 42208[0m
[0mGET /javascript/chat_engine.js [36m304[0m 33.895 ms - -[0m
[0mGET /javascript/home_posts.js [36m304[0m 31.308 ms - -[0m
[0mGET /javascript/posts_comments.js [36m304[0m 30.058 ms - -[0m
[0mGET /javascript/toggle-likes.js [36m304[0m 31.716 ms - -[0m
[0mGET /uploads/users/avtars/avtar-1602439567245 [32m200[0m 46.909 ms - 94998[0m
[0mGET /uploads/users/avtars/avtar-1602576806419 [32m200[0m 47.322 ms - 86563[0m
[0mGET /favicon.ico [0m-[0m - ms - -[0m
[0mGET / [32m200[0m 107.914 ms - 42208[0m
[0mGET /javascript/chat_engine.js [36m304[0m 0.912 ms - -[0m
[0mGET /javascript/home_posts.js [36m304[0m 2.341 ms - -[0m
[0mGET /css/layout.css [32m200[0m 4.326 ms - 1135[0m
[0mGET /css/header.css [32m200[0m 4.521 ms - 1858[0m
[0mGET /css/footer.css [32m200[0m 6.232 ms - 252[0m
[0mGET /javascript/posts_comments.js [36m304[0m 3.642 ms - -[0m
[0mGET /css/home.css [32m200[0m 7.651 ms - 4271[0m
[0mGET /css/chat-box.css [32m200[0m 8.127 ms - 1276[0m
[0mGET /javascript/toggle-likes.js [36m304[0m 1.026 ms - -[0m
[0mGET /uploads/users/avtars/avtar-1602576806419 [36m304[0m 58.710 ms - -[0m
[0mGET /uploads/users/avtars/avtar-1602439567245 [32m200[0m 77.171 ms - 94998[0m
[0mGET / [32m200[0m 99.914 ms - 42196[0m
[0mGET /css/layout.css [36m304[0m 0.823 ms - -[0m
[0mGET /css/header.css [36m304[0m 1.033 ms - -[0m
[0mGET /css/footer.css [36m304[0m 1.255 ms - -[0m
[0mGET /css/home.css [36m304[0m 1.533 ms - -[0m
[0mGET /css/chat-box.css [36m304[0m 1.958 ms - -[0m
[0mGET /javascript/chat_engine.js [36m304[0m 3.305 ms - -[0m
[0mGET /javascript/home_posts.js [36m304[0m 4.823 ms - -[0m
[0mGET /javascript/posts_comments.js [36m304[0m 3.394 ms - -[0m
[0mGET /javascript/toggle-likes.js [36m304[0m 1.703 ms - -[0m
[0mGET /uploads/users/avtars/avtar-1602439567245 [36m304[0m 20.758 ms - -[0m
[0mGET /uploads/users/avtars/avtar-1602576806419 [36m304[0m 21.492 ms - -[0m
[0mGET / [36m304[0m 82.498 ms - -[0m
[0mGET /javascript/chat_engine.js [36m304[0m 0.518 ms - -[0m
[0mGET /css/layout.css [36m304[0m 1.186 ms - -[0m
[0mGET /css/footer.css [36m304[0m 3.665 ms - -[0m
[0mGET /css/header.css [36m304[0m 3.750 ms - -[0m
[0mGET /css/home.css [36m304[0m 4.093 ms - -[0m
[0mGET /javascript/home_posts.js [36m304[0m 2.236 ms - -[0m
[0mGET /css/chat-box.css [36m304[0m 15.087 ms - -[0m
[0mGET /javascript/posts_comments.js [36m304[0m 2.551 ms - -[0m
[0mGET /javascript/toggle-likes.js [36m304[0m 0.936 ms - -[0m
[0mGET /uploads/users/avtars/avtar-1602439567245 [36m304[0m 29.312 ms - -[0m
[0mGET /uploads/users/avtars/avtar-1602576806419 [36m304[0m 21.422 ms - -[0m
[0mGET / [32m200[0m 104.435 ms - 42212[0m
[0mGET /javascript/chat_engine.js [36m304[0m 0.579 ms - -[0m
[0mGET /css/layout.css [36m304[0m 1.377 ms - -[0m
[0mGET /css/header.css [36m304[0m 2.753 ms - -[0m
[0mGET /css/footer.css [36m304[0m 3.002 ms - -[0m
[0mGET /css/home.css [36m304[0m 3.143 ms - -[0m
[0mGET /css/chat-box.css [36m304[0m 4.424 ms - -[0m
[0mGET /javascript/home_posts.js [36m304[0m 19.132 ms - -[0m
[0mGET /javascript/posts_comments.js [36m304[0m 2.769 ms - -[0m
[0mGET /javascript/toggle-likes.js [36m304[0m 2.350 ms - -[0m
[0mGET /uploads/users/avtars/avtar-1602439567245 [36m304[0m 20.747 ms - -[0m
[0mGET /uploads/users/avtars/avtar-1602576806419 [36m304[0m 11.206 ms - -[0m
[0mGET / [32m200[0m 127.179 ms - 42168[0m
[0mGET /javascript/chat_engine.js [36m304[0m 0.592 ms - -[0m
[0mGET /javascript/home_posts.js [36m304[0m 1.830 ms - -[0m
[0mGET /css/layout.css [36m304[0m 1.864 ms - -[0m
[0mGET /css/header.css [36m304[0m 2.088 ms - -[0m
[0mGET /css/footer.css [36m304[0m 2.304 ms - -[0m
[0mGET /css/home.css [36m304[0m 2.480 ms - -[0m
[0mGET /css/chat-box.css [36m304[0m 4.177 ms - -[0m
[0mGET /javascript/posts_comments.js [36m304[0m 16.080 ms - -[0m
[0mGET /javascript/toggle-likes.js [36m304[0m 2.692 ms - -[0m
[0mGET /social-icon.jpg [33m404[0m 21.812 ms - 154[0m
[0mGET /uploads/users/avtars/avtar-1602439567245 [36m304[0m 13.055 ms - -[0m
[0mGET /uploads/users/avtars/avtar-1602576806419 [36m304[0m 11.239 ms - -[0m
[0mGET / [32m200[0m 90.249 ms - 42169[0m
[0mGET /javascript/chat_engine.js [36m304[0m 15.918 ms - -[0m
[0mGET /javascript/home_posts.js [36m304[0m 13.807 ms - -[0m
[0mGET /javascript/posts_comments.js [36m304[0m 13.376 ms - -[0m
[0mGET /javascript/toggle-likes.js [36m304[0m 12.854 ms - -[0m
[0mGET /css/layout.css [36m304[0m 0.684 ms - -[0m
[0mGET /css/header.css [36m304[0m 0.656 ms - -[0m
[0mGET /css/footer.css [36m304[0m 0.845 ms - -[0m
[0mGET /css/home.css [36m304[0m 1.095 ms - -[0m
[0mGET /css/chat-box.css [36m304[0m 1.330 ms - -[0m
[0mGET /social-icon.jpg [33m404[0m 14.610 ms - 154[0m
[0mGET /social-icon.jpg [33m404[0m 23.868 ms - 154[0m
[0mGET /uploads/users/avtars/avtar-1602439567245 [36m304[0m 25.968 ms - -[0m
[0mGET /uploads/users/avtars/avtar-1602576806419 [36m304[0m 25.022 ms - -[0m
[0mGET / [32m200[0m 175.035 ms - 42208[0m
[0mGET /css/layout.css [32m200[0m 2.121 ms - 1135[0m
[0mGET /css/header.css [32m200[0m 3.877 ms - 1858[0m
[0mGET /css/footer.css [32m200[0m 5.487 ms - 252[0m
[0mGET /css/home.css [32m200[0m 5.209 ms - 4271[0m
[0mGET /css/chat-box.css [32m200[0m 4.498 ms - 1276[0m
[0mGET /javascript/chat_engine.js [36m304[0m 18.055 ms - -[0m
[0mGET /javascript/home_posts.js [36m304[0m 3.981 ms - -[0m
[0mGET /javascript/posts_comments.js [36m304[0m 2.308 ms - -[0m
[0mGET /javascript/toggle-likes.js [36m304[0m 1.681 ms - -[0m
[0mGET /uploads/users/avtars/avtar-1602439567245 [32m200[0m 17.968 ms - 94998[0m
[0mGET /uploads/users/avtars/avtar-1602576806419 [32m200[0m 16.978 ms - 86563[0m
[0mGET /favicon.ico [33m404[0m 14.436 ms - 150[0m
[0mGET / [32m200[0m 73.463 ms - 42166[0m
[0mGET /javascript/chat_engine.js [36m304[0m 9.859 ms - -[0m
[0mGET /javascript/home_posts.js [36m304[0m 6.962 ms - -[0m
[0mGET /javascript/posts_comments.js [36m304[0m 5.287 ms - -[0m
[0mGET /javascript/toggle-likes.js [36m304[0m 4.455 ms - -[0m
[0mGET /css/layout.css [32m200[0m 2.232 ms - 1135[0m
[0mGET /css/header.css [32m200[0m 2.333 ms - 1858[0m
[0mGET /css/footer.css [32m200[0m 3.231 ms - 252[0m
[0mGET /css/home.css [32m200[0m 3.483 ms - 4271[0m
[0mGET /css/chat-box.css [32m200[0m 3.917 ms - 1276[0m
[0mGET /social-icon.jpg [33m404[0m 15.580 ms - 154[0m
[0mGET /social-icon.jpg [33m404[0m 14.677 ms - 154[0m
[0mGET /uploads/users/avtars/avtar-1602439567245 [36m304[0m 32.797 ms - -[0m
[0mGET /uploads/users/avtars/avtar-1602576806419 [36m304[0m 32.092 ms - -[0m
[0mGET / [32m200[0m 84.007 ms - 42168[0m
[0mGET /javascript/chat_engine.js [36m304[0m 6.377 ms - -[0m
[0mGET /javascript/home_posts.js [36m304[0m 5.607 ms - -[0m
[0mGET /javascript/posts_comments.js [36m304[0m 4.652 ms - -[0m
[0mGET /javascript/toggle-likes.js [36m304[0m 4.144 ms - -[0m
[0mGET /css/footer.css [36m304[0m 0.913 ms - -[0m
[0mGET /social-icon.jpg [33m404[0m 33.853 ms - 154[0m
[0mGET /css/home.css [36m304[0m 1.680 ms - -[0m
[0mGET /css/chat-box.css [36m304[0m 1.912 ms - -[0m
[0mGET /css/layout.css [32m200[0m 4.780 ms - 1135[0m
[0mGET /css/header.css [32m200[0m 4.508 ms - 1858[0m
[0mGET /social-icon.jpg [33m404[0m 26.472 ms - 154[0m
[0mGET /uploads/users/avtars/avtar-1602439567245 [36m304[0m 32.802 ms - -[0m
[0mGET /uploads/users/avtars/avtar-1602576806419 [36m304[0m 32.144 ms - -[0m
[0mGET / [32m200[0m 88.196 ms - 42169[0m
[0mGET /javascript/chat_engine.js [36m304[0m 0.505 ms - -[0m
[0mGET /javascript/home_posts.js [36m304[0m 1.405 ms - -[0m
[0mGET /css/layout.css [36m304[0m 1.448 ms - -[0m
[0mGET /css/header.css [36m304[0m 1.532 ms - -[0m
[0mGET /css/footer.css [36m304[0m 2.115 ms - -[0m
[0mGET /css/home.css [36m304[0m 3.101 ms - -[0m
[0mGET /css/chat-box.css [36m304[0m 24.095 ms - -[0m
[0mGET /javascript/posts_comments.js [36m304[0m 7.516 ms - -[0m
[0mGET /javascript/toggle-likes.js [36m304[0m 1.391 ms - -[0m
[0mGET /social-icon.jpg [33m404[0m 6.859 ms - 154[0m
[0mGET /social-icon.jpg [33m404[0m 20.072 ms - 154[0m
[0mGET /uploads/users/avtars/avtar-1602439567245 [36m304[0m 25.420 ms - -[0m
[0mGET /uploads/users/avtars/avtar-1602576806419 [36m304[0m 24.934 ms - -[0m
[0mGET / [32m200[0m 68.669 ms - 42175[0m
[0mGET /javascript/chat_engine.js [36m304[0m 1.549 ms - -[0m
[0mGET /javascript/home_posts.js [36m304[0m 1.579 ms - -[0m
[0mGET /javascript/posts_comments.js [36m304[0m 0.728 ms - -[0m
[0mGET /css/layout.css [32m200[0m 14.736 ms - 1135[0m
[0mGET /css/footer.css [32m200[0m 14.724 ms - 252[0m
[0mGET /css/header.css [32m200[0m 15.385 ms - 1858[0m
[0mGET /css/home.css [32m200[0m 15.522 ms - 4271[0m
[0mGET /css/chat-box.css [32m200[0m 15.922 ms - 1276[0m
[0mGET /javascript/toggle-likes.js [36m304[0m 12.436 ms - -[0m
[0mGET /social-icon.jpg [33m404[0m 14.386 ms - 154[0m
[0mGET /social-icon.jpg [33m404[0m 20.116 ms - 154[0m
[0mGET /uploads/users/avtars/avtar-1602576806419 [32m200[0m 32.252 ms - 86563[0m
[0mGET /uploads/users/avtars/avtar-1602439567245 [32m200[0m 33.358 ms - 94998[0m
[0mGET / [32m200[0m 74.540 ms - 42184[0m
[0mGET /javascript/chat_engine.js [36m304[0m 6.836 ms - -[0m
[0mGET /javascript/home_posts.js [36m304[0m 4.671 ms - -[0m
[0mGET /javascript/posts_comments.js [36m304[0m 4.114 ms - -[0m
[0mGET /javascript/toggle-likes.js [36m304[0m 3.471 ms - -[0m
[0mGET /css/layout.css [32m200[0m 1.531 ms - 1135[0m
[0mGET /css/header.css [32m200[0m 1.757 ms - 1858[0m
[0mGET /css/footer.css [32m200[0m 4.925 ms - 252[0m
[0mGET /css/home.css [32m200[0m 5.243 ms - 4271[0m
[0mGET /css/chat-box.css [32m200[0m 6.450 ms - 1276[0m
[0mGET /uploads/users/avtars/avtar-1602439567245 [32m200[0m 8.315 ms - 94998[0m
[0mGET /uploads/users/avtars/avtar-1602576806419 [32m200[0m 7.687 ms - 86563[0m
[0mGET / [32m200[0m 79.832 ms - 42212[0m
[0mGET /javascript/chat_engine.js [36m304[0m 16.061 ms - -[0m
[0mGET /javascript/home_posts.js [36m304[0m 13.681 ms - -[0m
[0mGET /javascript/posts_comments.js [36m304[0m 5.450 ms - -[0m
[0mGET /javascript/toggle-likes.js [36m304[0m 4.064 ms - -[0m
[0mGET /css/layout.css [32m200[0m 2.967 ms - 1135[0m
[0mGET /css/header.css [32m200[0m 3.253 ms - 1858[0m
[0mGET /css/footer.css [32m200[0m 4.167 ms - 252[0m
[0mGET /css/home.css [32m200[0m 4.357 ms - 4271[0m
[0mGET /css/chat-box.css [32m200[0m 4.747 ms - 1276[0m
[0mGET /uploads/users/avtars/avtar-1602576806419 [32m200[0m 19.038 ms - 86563[0m
[0mGET /uploads/users/avtars/avtar-1602439567245 [32m200[0m 21.502 ms - 94998[0m
[0mGET / [32m200[0m 75.130 ms - 42231[0m
[0mGET /javascript/chat_engine.js [36m304[0m 10.611 ms - -[0m
[0mGET /javascript/home_posts.js [36m304[0m 7.485 ms - -[0m
[0mGET /javascript/posts_comments.js [36m304[0m 6.315 ms - -[0m
[0mGET /javascript/toggle-likes.js [36m304[0m 3.919 ms - -[0m
[0mGET /css/layout.css [32m200[0m 4.044 ms - 1135[0m
[0mGET /css/header.css [32m200[0m 3.652 ms - 1858[0m
[0mGET /css/footer.css [32m200[0m 3.413 ms - 252[0m
[0mGET /css/chat-box.css [32m200[0m 3.549 ms - 1276[0m
[0mGET /css/home.css [32m200[0m 3.825 ms - 4271[0m
[0mGET /uploads/users/avtars/avtar-1602439567245 [32m200[0m 9.693 ms - 94998[0m
[0mGET /uploads/users/avtars/avtar-1602576806419 [32m200[0m 8.788 ms - 86563[0m
[0mGET / [32m200[0m 67.258 ms - 42228[0m
[0mGET /javascript/chat_engine.js [36m304[0m 7.839 ms - -[0m
[0mGET /javascript/home_posts.js [36m304[0m 5.446 ms - -[0m
[0mGET /javascript/posts_comments.js [36m304[0m 4.821 ms - -[0m
[0mGET /javascript/toggle-likes.js [36m304[0m 4.110 ms - -[0m
[0mGET /css/header.css [32m200[0m 5.775 ms - 1858[0m
[0mGET /css/layout.css [32m200[0m 6.656 ms - 1135[0m
[0mGET /css/footer.css [32m200[0m 7.749 ms - 252[0m
[0mGET /css/home.css [32m200[0m 9.520 ms - 4271[0m
[0mGET /css/chat-box.css [32m200[0m 9.230 ms - 1276[0m
[0mGET /uploads/users/avtars/avtar-1602439567245 [32m200[0m 15.115 ms - 94998[0m
[0mGET /uploads/users/avtars/avtar-1602576806419 [32m200[0m 9.476 ms - 86563[0m
[0mGET / [32m200[0m 70.914 ms - 42228[0m
[0mGET /javascript/chat_engine.js [36m304[0m 0.569 ms - -[0m
[0mGET /javascript/home_posts.js [36m304[0m 1.459 ms - -[0m
[0mGET /css/layout.css [36m304[0m 1.452 ms - -[0m
[0mGET /css/footer.css [36m304[0m 1.534 ms - -[0m
[0mGET /css/header.css [36m304[0m 3.630 ms - -[0m
[0mGET /css/home.css [36m304[0m 4.364 ms - -[0m
[0mGET /css/chat-box.css [36m304[0m 6.562 ms - -[0m
[0mGET /javascript/posts_comments.js [36m304[0m 2.934 ms - -[0m
[0mGET /javascript/toggle-likes.js [36m304[0m 1.122 ms - -[0m
[0mGET /uploads/users/avtars/avtar-1602439567245 [36m304[0m 14.376 ms - -[0m
[0mGET /uploads/users/avtars/avtar-1602576806419 [36m304[0m 15.190 ms - -[0m
[0mGET / [32m200[0m 87.782 ms - 42220[0m
[0mGET /javascript/chat_engine.js [36m304[0m 0.606 ms - -[0m
[0mGET /javascript/home_posts.js [36m304[0m 1.295 ms - -[0m
[0mGET /css/layout.css [36m304[0m 1.290 ms - -[0m
[0mGET /css/header.css [36m304[0m 1.458 ms - -[0m
[0mGET /css/footer.css [36m304[0m 1.747 ms - -[0m
[0mGET /css/home.css [36m304[0m 6.161 ms - -[0m
[0mGET /css/chat-box.css [36m304[0m 6.477 ms - -[0m
[0mGET /javascript/posts_comments.js [36m304[0m 4.732 ms - -[0m
[0mGET /javascript/toggle-likes.js [36m304[0m 3.406 ms - -[0m
[0mGET /uploads/users/avtars/avtar-1602439567245 [36m304[0m 47.627 ms - -[0m
[0mGET /uploads/users/avtars/avtar-1602576806419 [36m304[0m 31.584 ms - -[0m
[0mGET / [32m200[0m 76.451 ms - 42220[0m
[0mGET /javascript/chat_engine.js [36m304[0m 9.941 ms - -[0m
[0mGET /javascript/home_posts.js [36m304[0m 5.718 ms - -[0m
[0mGET /javascript/posts_comments.js [36m304[0m 2.942 ms - -[0m
[0mGET /javascript/toggle-likes.js [36m304[0m 2.410 ms - -[0m
[0mGET /css/footer.css [36m304[0m 0.618 ms - -[0m
[0mGET /css/layout.css [32m200[0m 1.981 ms - 1135[0m
[0mGET /css/home.css [36m304[0m 1.556 ms - -[0m
[0mGET /css/chat-box.css [36m304[0m 1.733 ms - -[0m
[0mGET /css/header.css [32m200[0m 4.156 ms - 1858[0m
[0mGET /uploads/users/avtars/avtar-1602576806419 [36m304[0m 17.159 ms - -[0m
[0mGET /uploads/users/avtars/avtar-1602439567245 [32m200[0m 18.262 ms - 94998[0m
[0mGET / [32m200[0m 51.216 ms - 42221[0m
[0mGET /javascript/chat_engine.js [36m304[0m 2.636 ms - -[0m
[0mGET /javascript/home_posts.js [36m304[0m 2.072 ms - -[0m
[0mGET /javascript/posts_comments.js [36m304[0m 2.689 ms - -[0m
[0mGET /javascript/toggle-likes.js [36m304[0m 1.976 ms - -[0m
[0mGET /css/layout.css [32m200[0m 5.481 ms - 1135[0m
[0mGET /css/header.css [32m200[0m 5.717 ms - 1858[0m
[0mGET /css/footer.css [32m200[0m 6.009 ms - 252[0m
[0mGET /css/home.css [32m200[0m 4.932 ms - 4271[0m
[0mGET /css/chat-box.css [32m200[0m 2.188 ms - 1276[0m
[0mGET /uploads/users/avtars/avtar-1602576806419 [32m200[0m 10.374 ms - 86563[0m
[0mGET /uploads/users/avtars/avtar-1602439567245 [32m200[0m 11.197 ms - 94998[0m
[0mGET / [32m200[0m 73.548 ms - 42227[0m
[0mGET /javascript/chat_engine.js [36m304[0m 0.450 ms - -[0m
[0mGET /javascript/home_posts.js [36m304[0m 1.711 ms - -[0m
[0mGET /css/layout.css [36m304[0m 1.651 ms - -[0m
[0mGET /css/header.css [36m304[0m 1.559 ms - -[0m
[0mGET /css/footer.css [36m304[0m 1.660 ms - -[0m
[0mGET /css/home.css [36m304[0m 1.486 ms - -[0m
[0mGET /css/chat-box.css [36m304[0m 1.569 ms - -[0m
[0mGET /javascript/posts_comments.js [36m304[0m 3.360 ms - -[0m
[0mGET /javascript/toggle-likes.js [36m304[0m 2.769 ms - -[0m
[0mGET /uploads/users/avtars/avtar-1602439567245 [36m304[0m 13.058 ms - -[0m
[0mGET /uploads/users/avtars/avtar-1602576806419 [36m304[0m 8.375 ms - -[0m
[0mGET / [32m200[0m 71.873 ms - 42227[0m
[0mGET /javascript/chat_engine.js [36m304[0m 0.513 ms - -[0m
[0mGET /javascript/home_posts.js [36m304[0m 1.209 ms - -[0m
[0mGET /css/layout.css [36m304[0m 1.764 ms - -[0m
[0mGET /css/header.css [36m304[0m 2.595 ms - -[0m
[0mGET /css/footer.css [36m304[0m 3.010 ms - -[0m
[0mGET /css/home.css [36m304[0m 3.210 ms - -[0m
[0mGET /css/chat-box.css [36m304[0m 3.339 ms - -[0m
[0mGET /javascript/posts_comments.js [36m304[0m 1.774 ms - -[0m
[0mGET /javascript/toggle-likes.js [36m304[0m 1.012 ms - -[0m
[0mGET /uploads/users/avtars/avtar-1602439567245 [36m304[0m 20.092 ms - -[0m
[0mGET /uploads/users/avtars/avtar-1602576806419 [36m304[0m 19.103 ms - -[0m
[0mGET / [32m200[0m 73.475 ms - 42218[0m
[0mGET /javascript/chat_engine.js [36m304[0m 7.770 ms - -[0m
[0mGET /javascript/home_posts.js [36m304[0m 5.810 ms - -[0m
[0mGET /javascript/posts_comments.js [36m304[0m 4.438 ms - -[0m
[0mGET /javascript/toggle-likes.js [36m304[0m 3.621 ms - -[0m
[0mGET /css/layout.css [32m200[0m 2.895 ms - 1135[0m
[0mGET /css/footer.css [32m200[0m 2.076 ms - 252[0m
[0mGET /css/header.css [32m200[0m 2.430 ms - 1858[0m
[0mGET /css/home.css [32m200[0m 2.907 ms - 4271[0m
[0mGET /css/chat-box.css [32m200[0m 2.950 ms - 1276[0m
[0mGET /social-icon.jpg [33m404[0m 16.918 ms - 154[0m
[0mGET /social-icon.jpg [33m404[0m 21.828 ms - 154[0m
[0mGET /uploads/users/avtars/avtar-1602439567245 [32m200[0m 23.893 ms - 94998[0m
[0mGET /uploads/users/avtars/avtar-1602576806419 [32m200[0m 25.120 ms - 86563[0m
[0mGET / [32m200[0m 67.315 ms - 42212[0m
[0mGET /javascript/chat_engine.js [36m304[0m 13.830 ms - -[0m
[0mGET /javascript/home_posts.js [36m304[0m 13.360 ms - -[0m
[0mGET /javascript/posts_comments.js [36m304[0m 11.782 ms - -[0m
[0mGET /javascript/toggle-likes.js [36m304[0m 3.214 ms - -[0m
[0mGET /sicon.jpg [33m404[0m 35.890 ms - 148[0m
[0mGET /css/layout.css [32m200[0m 7.302 ms - 1135[0m
[0mGET /css/chat-box.css [36m304[0m 1.543 ms - -[0m
[0mGET /css/header.css [32m200[0m 5.898 ms - 1858[0m
[0mGET /css/footer.css [32m200[0m 6.534 ms - 252[0m
[0mGET /css/home.css [32m200[0m 8.641 ms - 4271[0m
[0mGET /sicon.jpg [33m404[0m 14.496 ms - 148[0m
[0mGET /uploads/users/avtars/avtar-1602439567245 [32m200[0m 10.316 ms - 94998[0m
[0mGET /uploads/users/avtars/avtar-1602576806419 [32m200[0m 9.253 ms - 86563[0m
[0mGET / [32m200[0m 89.941 ms - 42221[0m
[0mGET /javascript/chat_engine.js [36m304[0m 0.584 ms - -[0m
[0mGET /javascript/home_posts.js [36m304[0m 1.341 ms - -[0m
[0mGET /css/layout.css [36m304[0m 1.330 ms - -[0m
[0mGET /css/header.css [36m304[0m 1.441 ms - -[0m
[0mGET /css/footer.css [36m304[0m 1.606 ms - -[0m
[0mGET /css/home.css [36m304[0m 1.803 ms - -[0m
[0mGET /css/chat-box.css [36m304[0m 2.068 ms - -[0m
[0mGET /javascript/posts_comments.js [36m304[0m 2.221 ms - -[0m
[0mGET /javascript/toggle-likes.js [36m304[0m 3.527 ms - -[0m
[0mGET /uploads/users/avtars/avtar-1602439567245 [36m304[0m 17.503 ms - -[0m
[0mGET /uploads/users/avtars/avtar-1602576806419 [36m304[0m 17.068 ms - -[0m
[0mGET / [32m200[0m 68.432 ms - 42181[0m
[0mGET /javascript/chat_engine.js [36m304[0m 3.318 ms - -[0m
[0mGET /javascript/home_posts.js [36m304[0m 2.554 ms - -[0m
[0mGET /javascript/posts_comments.js [36m304[0m 0.946 ms - -[0m
[0mGET /javascript/toggle-likes.js [36m304[0m 4.349 ms - -[0m
[0mGET /css/layout.css [32m200[0m 9.819 ms - 1135[0m
[0mGET /css/header.css [32m200[0m 9.956 ms - 1858[0m
[0mGET /css/footer.css [32m200[0m 7.597 ms - 252[0m
[0mGET /css/chat-box.css [32m200[0m 8.415 ms - 1276[0m
[0mGET /css/home.css [32m200[0m 9.777 ms - 4271[0m
[0mGET /uploads/users/avtars/avtar-1602439567245 [32m200[0m 16.945 ms - 94998[0m
[0mGET /uploads/users/avtars/avtar-1602576806419 [32m200[0m 16.868 ms - 86563[0m
[0mGET / [36m304[0m 78.373 ms - -[0m
[0mGET /javascript/chat_engine.js [36m304[0m 14.197 ms - -[0m
[0mGET /javascript/home_posts.js [36m304[0m 13.014 ms - -[0m
[0mGET /javascript/posts_comments.js [36m304[0m 12.536 ms - -[0m
[0mGET /javascript/toggle-likes.js [36m304[0m 9.641 ms - -[0m
[0mGET /css/layout.css [32m200[0m 101.015 ms - 1135[0m
[0mGET /css/header.css [32m200[0m 101.028 ms - 1858[0m
[0mGET /css/footer.css [32m200[0m 1.954 ms - 252[0m
[0mGET /css/chat-box.css [32m200[0m 2.517 ms - 1276[0m
[0mGET /uploads/users/avtars/avtar-1602439567245 [32m200[0m 28.312 ms - 94998[0m
[0mGET /uploads/users/avtars/avtar-1602576806419 [32m200[0m 19.649 ms - 86563[0m
[0mGET / [36m304[0m 85.007 ms - -[0m
[0mGET /javascript/chat_engine.js [36m304[0m 27.428 ms - -[0m
[0mGET /javascript/home_posts.js [36m304[0m 16.950 ms - -[0m
[0mGET /javascript/posts_comments.js [36m304[0m 6.884 ms - -[0m
[0mGET /javascript/toggle-likes.js [36m304[0m 6.018 ms - -[0m
[0mGET /css/header.css [36m304[0m 2.426 ms - -[0m
[0mGET /css/footer.css [36m304[0m 0.655 ms - -[0m
[0mGET /css/chat-box.css [36m304[0m 0.781 ms - -[0m
[0mGET /css/layout.css [32m200[0m 14.904 ms - 1135[0m
[0mGET /uploads/users/avtars/avtar-1602439567245 [32m200[0m 15.155 ms - 94998[0m
[0mGET /uploads/users/avtars/avtar-1602576806419 [32m200[0m 20.499 ms - 86563[0m
[0mGET /favicon.ico [0m-[0m - ms - -[0m
[0mGET /likes/toggle?id=5f8356973c706a49f02223b1&type=Posts [32m200[0m 73.679 ms - 576[0m
[0mGET / [32m200[0m 74.617 ms - 42224[0m
[0mGET /javascript/chat_engine.js [36m304[0m 9.750 ms - -[0m
[0mGET /javascript/home_posts.js [36m304[0m 34.408 ms - -[0m
[0mGET /javascript/posts_comments.js [36m304[0m 31.098 ms - -[0m
[0mGET /javascript/toggle-likes.js [36m304[0m 29.871 ms - -[0m
[0mGET /css/layout.css [32m200[0m 7.210 ms - 1135[0m
[0mGET /css/header.css [32m200[0m 10.636 ms - 1858[0m
[0mGET /css/footer.css [32m200[0m 11.583 ms - 252[0m
[0mGET /css/home.css [32m200[0m 12.397 ms - 4273[0m
[0mGET /css/chat-box.css [32m200[0m 13.811 ms - 1276[0m
[0mGET /uploads/users/avtars/avtar-1602439567245 [32m200[0m 22.463 ms - 94998[0m
[0mGET /uploads/users/avtars/avtar-1602576806419 [32m200[0m 19.455 ms - 86563[0m
[0mGET /users/profile?id=5f51f0a23a5e26146c17b0cf [32m200[0m 22.940 ms - 5574[0m
[0mGET /javascript/user_image_preview.js [32m200[0m 3.692 ms - 379[0m
[0mGET /css/layout.css [32m200[0m 1.584 ms - 1135[0m
[0mGET /css/header.css [32m200[0m 2.441 ms - 1858[0m
[0mGET /css/footer.css [32m200[0m 3.221 ms - 252[0m
[0mGET /javascript/toggle_friend.js [32m200[0m 57.289 ms - 801[0m
[0mPOST /users/update?id=5f51f0a23a5e26146c17b0cf [36m302[0m 49.911 ms - 170[0m
[0mGET /users/profile?id=5f51f0a23a5e26146c17b0cf [32m200[0m 22.342 ms - 5567[0m
[0mGET /javascript/user_image_preview.js [36m304[0m 2.485 ms - -[0m
[0mGET /javascript/toggle_friend.js [36m304[0m 1.818 ms - -[0m
[0mGET /css/header.css [32m200[0m 5.909 ms - 1858[0m
[0mGET /css/footer.css [32m200[0m 6.273 ms - 252[0m
[0mGET /css/layout.css [32m200[0m 6.598 ms - 1135[0m
[0mGET /css/users-profile.css [32m200[0m 8.897 ms - 2093[0m
[0mGET /uploads/users/avtars/avtar-1602580013465 [32m200[0m 37.503 ms - 116029[0m
[0mGET /favicon.ico [0m-[0m - ms - -[0m
[0mGET / [32m200[0m 74.638 ms - 42219[0m
[0mGET /javascript/chat_engine.js [36m304[0m 6.436 ms - -[0m
[0mGET /javascript/home_posts.js [36m304[0m 10.000 ms - -[0m
[0mGET /javascript/posts_comments.js [36m304[0m 6.942 ms - -[0m
[0mGET /javascript/toggle-likes.js [36m304[0m 2.657 ms - -[0m
[0mGET /css/layout.css [32m200[0m 4.820 ms - 1135[0m
[0mGET /css/header.css [32m200[0m 3.476 ms - 1858[0m
[0mGET /css/home.css [36m304[0m 2.316 ms - -[0m
[0mGET /css/chat-box.css [36m304[0m 2.244 ms - -[0m
[0mGET /css/footer.css [32m200[0m 4.298 ms - 252[0m
[0mGET /uploads/users/avtars/avtar-1602439567245 [32m200[0m 31.575 ms - 94998[0m
[0mGET /uploads/users/avtars/avtar-1602576806419 [32m200[0m 31.359 ms - 86563[0m
[0mGET /uploads/users/avtars/avtar-1602580013465 [32m200[0m 33.789 ms - 116029[0m
[0mGET /favicon.ico [0m-[0m - ms - -[0m
[0mPOST /posts/add-post [32m200[0m 160.111 ms - 257[0m
[0mGET / [32m200[0m 89.956 ms - 44091[0m
[0mGET /javascript/chat_engine.js [36m304[0m 0.458 ms - -[0m
[0mGET /javascript/home_posts.js [36m304[0m 1.226 ms - -[0m
[0mGET /css/layout.css [36m304[0m 1.248 ms - -[0m
[0mGET /css/header.css [36m304[0m 1.610 ms - -[0m
[0mGET /css/footer.css [36m304[0m 1.835 ms - -[0m
[0mGET /css/home.css [36m304[0m 2.229 ms - -[0m
[0mGET /css/chat-box.css [36m304[0m 2.524 ms - -[0m
[0mGET /javascript/posts_comments.js [36m304[0m 10.695 ms - -[0m
[0mGET /javascript/toggle-likes.js [36m304[0m 1.302 ms - -[0m
[0mGET /uploads/users/avtars/avtar-1602580013465 [36m304[0m 23.501 ms - -[0m
[0mGET /uploads/users/avtars/avtar-1602439567245 [36m304[0m 26.720 ms - -[0m
[0mGET /uploads/users/avtars/avtar-1602576806419 [36m304[0m 19.419 ms - -[0m
[0mGET / [0m-[0m - ms - -[0m
[0mGET / [0m-[0m - ms - -[0m
[0mGET / [32m200[0m 668.286 ms - 31474[0m
[0mGET /javascript/chat_engine.js [36m304[0m 31.801 ms - -[0m
[0mGET /javascript/home_posts.js [36m304[0m 5.279 ms - -[0m
[0mGET /javascript/posts_comments.js [36m304[0m 4.006 ms - -[0m
[0mGET /javascript/toggle-likes.js [36m304[0m 3.102 ms - -[0m
[0mGET /uploads/users/avtars/avtar-1602580013465 [32m200[0m 260.813 ms - 116029[0m
[0mGET /uploads/users/avtars/avtar-1602439567245 [36m304[0m 635.219 ms - -[0m
[0mGET /uploads/users/avtars/avtar-1602576806419 [32m200[0m 184.345 ms - 86563[0m
[0mGET /favicon.ico [33m404[0m 15.033 ms - 150[0m
[0mGET / [36m304[0m 118.126 ms - -[0m
[0mGET /css/layout.css [32m200[0m 1.226 ms - 1135[0m
[0mGET /uploads/users/avtars/avtar-1602580013465 [36m304[0m 57.777 ms - -[0m
[0mGET /css/footer.css [32m200[0m 28.748 ms - 252[0m
[0mGET /css/home.css [32m200[0m 28.937 ms - 4273[0m
[0mGET /css/header.css [32m200[0m 28.591 ms - 1858[0m
[0mGET /css/chat-box.css [32m200[0m 26.022 ms - 1276[0m
[0mGET /uploads/users/avtars/avtar-1602439567245 [36m304[0m 34.231 ms - -[0m
[0mGET /javascript/chat_engine.js [36m304[0m 7.893 ms - -[0m
[0mGET /javascript/home_posts.js [36m304[0m 6.565 ms - -[0m
[0mGET /javascript/posts_comments.js [36m304[0m 6.541 ms - -[0m
[0mGET /javascript/toggle-likes.js [36m304[0m 5.405 ms - -[0m
[0mGET /uploads/users/avtars/avtar-1602576806419 [36m304[0m 34.050 ms - -[0m
